<?xml version="1.0" encoding="UTF-8"?>
<!-- Generated by org.testng.reporters.JUnitReportReporter -->
<testsuite skipped="0" hostname="R2D2" name="com.automationpractise.bddtest.testrunner.CucumberRunner" tests="2" failures="0" timestamp="11 Aug 2018 16:28:15 GMT" time="59.883" errors="0">
  <testcase name="runCuke" time="13.235" classname="com.automationpractise.bddtest.testrunner.CucumberRunner"/>
  <testcase name="runCuke" time="46.648" classname="com.automationpractise.bddtest.testrunner.CucumberRunner"/>
</testsuite> <!-- com.automationpractise.bddtest.testrunner.CucumberRunner -->
