<?xml version="1.0" encoding="UTF-8"?>
<!-- Generated by org.testng.reporters.JUnitReportReporter -->
<testsuite skipped="0" hostname="R2D2" name="com.automationpractise.bddtest.testrunner.CucumberRunner" tests="2" failures="0" timestamp="11 Aug 2018 13:04:27 GMT" time="57.500" errors="0">
  <testcase name="runCuke" time="15.104" classname="com.automationpractise.bddtest.testrunner.CucumberRunner"/>
  <testcase name="runCuke" time="42.396" classname="com.automationpractise.bddtest.testrunner.CucumberRunner"/>
</testsuite> <!-- com.automationpractise.bddtest.testrunner.CucumberRunner -->
